<?xml version="1.0" encoding="UTF-8"?>
<testsuite name="com.avenuecode.udemy.account.manager.service.RequestServiceImplTest" tests="2" skipped="0" failures="0" errors="0" timestamp="2021-02-24T14:20:43" hostname="AC-michelfonseca.local" time="0.049">
  <properties/>
  <testcase name="accessRequest() - Request save error" classname="com.avenuecode.udemy.account.manager.service.RequestServiceImplTest" time="0.047"/>
  <testcase name="accessRequest() - Request created" classname="com.avenuecode.udemy.account.manager.service.RequestServiceImplTest" time="0.002"/>
  <system-out><![CDATA[11:20:43.445 [Test worker] DEBUG com.avenuecode.udemy.account.manager.service.RequestServiceImpl - Access Request received for email=m..a@avenuecode.com
11:20:43.446 [Test worker] ERROR com.avenuecode.udemy.account.manager.service.RequestServiceImpl - Error saving request from email=m..a@avenuecode.com on database.
java.lang.ClassCastException: java.lang.Class cannot be cast to java.lang.Throwable
	at com.avenuecode.udemy.account.manager.service.RequestServiceImplTest$__spock_feature_0_0_closure1.doCall(RequestServiceImplTest.groovy:18)
	at sun.reflect.NativeMethodAccessorImpl.invoke0(Native Method)
	at sun.reflect.NativeMethodAccessorImpl.invoke(NativeMethodAccessorImpl.java:62)
	at sun.reflect.DelegatingMethodAccessorImpl.invoke(DelegatingMethodAccessorImpl.java:43)
	at java.lang.reflect.Method.invoke(Method.java:498)
	at org.codehaus.groovy.reflection.CachedMethod.invoke(CachedMethod.java:101)
	at groovy.lang.MetaMethod.doMethodInvoke(MetaMethod.java:323)
	at org.codehaus.groovy.runtime.metaclass.ClosureMetaClass.invokeMethod(ClosureMetaClass.java:263)
	at groovy.lang.MetaClassImpl.invokeMethod(MetaClassImpl.java:1041)
	at groovy.lang.Closure.call(Closure.java:405)
	at org.spockframework.runtime.GroovyRuntimeUtil.invokeClosure(GroovyRuntimeUtil.java:201)
	at org.spockframework.mock.response.CodeResponseGenerator.invokeClosure(CodeResponseGenerator.java:54)
	at org.spockframework.mock.response.CodeResponseGenerator.doRespond(CodeResponseGenerator.java:37)
	at org.spockframework.mock.response.SingleResponseGenerator.respond(SingleResponseGenerator.java:32)
	at org.spockframework.mock.response.ResponseGeneratorChain.respond(ResponseGeneratorChain.java:44)
	at org.spockframework.mock.runtime.MockInteraction.accept(MockInteraction.java:73)
	at org.spockframework.mock.runtime.MockInteractionDecorator.accept(MockInteractionDecorator.java:50)
	at org.spockframework.mock.runtime.InteractionScope$1.accept(InteractionScope.java:51)
	at org.spockframework.mock.runtime.MockController.handle(MockController.java:40)
	at org.spockframework.mock.runtime.JavaMockInterceptor.intercept(JavaMockInterceptor.java:72)
	at org.spockframework.mock.runtime.DynamicProxyMockInterceptorAdapter.invoke(DynamicProxyMockInterceptorAdapter.java:34)
	at com.sun.proxy.$Proxy34.save(Unknown Source)
	at com.avenuecode.udemy.account.manager.service.RequestServiceImpl.accessRequest(RequestServiceImpl.java:38)
	at com.avenuecode.udemy.account.manager.service.RequestService$accessRequest.call(Unknown Source)
	at org.codehaus.groovy.runtime.callsite.CallSiteArray.defaultCall(CallSiteArray.java:47)
	at org.codehaus.groovy.runtime.callsite.AbstractCallSite.call(AbstractCallSite.java:115)
	at org.codehaus.groovy.runtime.callsite.AbstractCallSite.call(AbstractCallSite.java:127)
	at com.avenuecode.udemy.account.manager.service.RequestServiceImplTest.$spock_feature_0_0(RequestServiceImplTest.groovy:21)
	at sun.reflect.NativeMethodAccessorImpl.invoke0(Native Method)
	at sun.reflect.NativeMethodAccessorImpl.invoke(NativeMethodAccessorImpl.java:62)
	at sun.reflect.DelegatingMethodAccessorImpl.invoke(DelegatingMethodAccessorImpl.java:43)
	at java.lang.reflect.Method.invoke(Method.java:498)
	at org.spockframework.util.ReflectionUtil.invokeMethod(ReflectionUtil.java:200)
	at org.spockframework.runtime.model.MethodInfo.invoke(MethodInfo.java:113)
	at org.spockframework.runtime.BaseSpecRunner.invokeRaw(BaseSpecRunner.java:484)
	at org.spockframework.runtime.BaseSpecRunner.invoke(BaseSpecRunner.java:467)
	at org.spockframework.runtime.BaseSpecRunner.runFeatureMethod(BaseSpecRunner.java:408)
	at org.spockframework.runtime.BaseSpecRunner.doRunIteration(BaseSpecRunner.java:322)
	at org.spockframework.runtime.BaseSpecRunner$6.invoke(BaseSpecRunner.java:306)
	at org.spockframework.runtime.BaseSpecRunner.invokeRaw(BaseSpecRunner.java:484)
	at org.spockframework.runtime.BaseSpecRunner.invoke(BaseSpecRunner.java:467)
	at org.spockframework.runtime.BaseSpecRunner.runIteration(BaseSpecRunner.java:285)
	at org.spockframework.runtime.BaseSpecRunner.initializeAndRunIteration(BaseSpecRunner.java:275)
	at org.spockframework.runtime.BaseSpecRunner.runSimpleFeature(BaseSpecRunner.java:266)
	at org.spockframework.runtime.BaseSpecRunner.doRunFeature(BaseSpecRunner.java:260)
	at org.spockframework.runtime.BaseSpecRunner$5.invoke(BaseSpecRunner.java:243)
	at org.spockframework.runtime.BaseSpecRunner.invokeRaw(BaseSpecRunner.java:484)
	at org.spockframework.runtime.BaseSpecRunner.invoke(BaseSpecRunner.java:467)
	at org.spockframework.runtime.BaseSpecRunner.runFeature(BaseSpecRunner.java:235)
	at org.spockframework.runtime.BaseSpecRunner.runFeatures(BaseSpecRunner.java:185)
	at org.spockframework.runtime.BaseSpecRunner.doRunSpec(BaseSpecRunner.java:95)
	at org.spockframework.runtime.BaseSpecRunner$1.invoke(BaseSpecRunner.java:81)
	at org.spockframework.runtime.BaseSpecRunner.invokeRaw(BaseSpecRunner.java:484)
	at org.spockframework.runtime.BaseSpecRunner.invoke(BaseSpecRunner.java:467)
	at org.spockframework.runtime.BaseSpecRunner.runSpec(BaseSpecRunner.java:73)
	at org.spockframework.runtime.BaseSpecRunner.run(BaseSpecRunner.java:64)
	at org.spockframework.runtime.Sputnik.run(Sputnik.java:63)
	at org.gradle.api.internal.tasks.testing.junit.JUnitTestClassExecutor.runTestClass(JUnitTestClassExecutor.java:110)
	at org.gradle.api.internal.tasks.testing.junit.JUnitTestClassExecutor.execute(JUnitTestClassExecutor.java:58)
	at org.gradle.api.internal.tasks.testing.junit.JUnitTestClassExecutor.execute(JUnitTestClassExecutor.java:38)
	at org.gradle.api.internal.tasks.testing.junit.AbstractJUnitTestClassProcessor.processTestClass(AbstractJUnitTestClassProcessor.java:62)
	at org.gradle.api.internal.tasks.testing.SuiteTestClassProcessor.processTestClass(SuiteTestClassProcessor.java:51)
	at sun.reflect.NativeMethodAccessorImpl.invoke0(Native Method)
	at sun.reflect.NativeMethodAccessorImpl.invoke(NativeMethodAccessorImpl.java:62)
	at sun.reflect.DelegatingMethodAccessorImpl.invoke(DelegatingMethodAccessorImpl.java:43)
	at java.lang.reflect.Method.invoke(Method.java:498)
	at org.gradle.internal.dispatch.ReflectionDispatch.dispatch(ReflectionDispatch.java:36)
	at org.gradle.internal.dispatch.ReflectionDispatch.dispatch(ReflectionDispatch.java:24)
	at org.gradle.internal.dispatch.ContextClassLoaderDispatch.dispatch(ContextClassLoaderDispatch.java:33)
	at org.gradle.internal.dispatch.ProxyDispatchAdapter$DispatchingInvocationHandler.invoke(ProxyDispatchAdapter.java:94)
	at com.sun.proxy.$Proxy2.processTestClass(Unknown Source)
	at org.gradle.api.internal.tasks.testing.worker.TestWorker.processTestClass(TestWorker.java:119)
	at sun.reflect.NativeMethodAccessorImpl.invoke0(Native Method)
	at sun.reflect.NativeMethodAccessorImpl.invoke(NativeMethodAccessorImpl.java:62)
	at sun.reflect.DelegatingMethodAccessorImpl.invoke(DelegatingMethodAccessorImpl.java:43)
	at java.lang.reflect.Method.invoke(Method.java:498)
	at org.gradle.internal.dispatch.ReflectionDispatch.dispatch(ReflectionDispatch.java:36)
	at org.gradle.internal.dispatch.ReflectionDispatch.dispatch(ReflectionDispatch.java:24)
	at org.gradle.internal.remote.internal.hub.MessageHubBackedObjectConnection$DispatchWrapper.dispatch(MessageHubBackedObjectConnection.java:182)
	at org.gradle.internal.remote.internal.hub.MessageHubBackedObjectConnection$DispatchWrapper.dispatch(MessageHubBackedObjectConnection.java:164)
	at org.gradle.internal.remote.internal.hub.MessageHub$Handler.run(MessageHub.java:414)
	at org.gradle.internal.concurrent.ExecutorPolicy$CatchAndRecordFailures.onExecute(ExecutorPolicy.java:64)
	at org.gradle.internal.concurrent.ManagedExecutorImpl$1.run(ManagedExecutorImpl.java:48)
	at java.util.concurrent.ThreadPoolExecutor.runWorker(ThreadPoolExecutor.java:1149)
	at java.util.concurrent.ThreadPoolExecutor$Worker.run(ThreadPoolExecutor.java:624)
	at org.gradle.internal.concurrent.ThreadFactoryImpl$ManagedThreadRunnable.run(ThreadFactoryImpl.java:56)
	at java.lang.Thread.run(Thread.java:748)
11:20:43.454 [Test worker] DEBUG com.avenuecode.udemy.account.manager.service.RequestServiceImpl - Access Request received for email=m..a@avenuecode.com
]]></system-out>
  <system-err><![CDATA[]]></system-err>
</testsuite>
