<?xml version="1.0" encoding="UTF-8"?>
<testsuite name="com.avenuecode.udemy.account.manager.publishers.ActiveSchedulesPublisherSchedulerTest" tests="1" skipped="0" failures="0" errors="0" timestamp="2021-02-24T14:20:42" hostname="AC-michelfonseca.local" time="0.014">
  <properties/>
  <testcase name="run() enqueue schedule_id for active schedules in queue named activeSchedule" classname="com.avenuecode.udemy.account.manager.publishers.ActiveSchedulesPublisherSchedulerTest" time="0.014"/>
  <system-out><![CDATA[11:20:42.945 [Test worker] INFO com.avenuecode.udemy.account.manager.publishers.ActiveSchedulesPublisherScheduler - Initializing ActiveSchedulesPublisherScheduler...
11:20:42.950 [Test worker] INFO com.avenuecode.udemy.account.manager.publishers.ActiveSchedulesPublisher - Publishing active schedule 'Schedule{id=1, start=null, end=null, scheduledFor='null', seniority='null', technology='null', hours='null', goal='null', active=null}' to 'activeSchedule'
]]></system-out>
  <system-err><![CDATA[]]></system-err>
</testsuite>
