<?xml version="1.0" encoding="UTF-8"?>
<testsuite name="com.avenuecode.udemy.account.manager.consumers.ActiveSchedulesConsumerTest" tests="1" skipped="0" failures="0" errors="0" timestamp="2021-02-24T14:20:42" hostname="AC-michelfonseca.local" time="0.011">
  <properties/>
  <testcase name="consume() calls checkSchedule" classname="com.avenuecode.udemy.account.manager.consumers.ActiveSchedulesConsumerTest" time="0.011"/>
  <system-out><![CDATA[11:20:42.425 [Test worker] INFO com.avenuecode.udemy.account.manager.consumers.ActiveSchedulesConsumer - Consuming active schedule 'ScheduleIdDTO(id=1)'
]]></system-out>
  <system-err><![CDATA[]]></system-err>
</testsuite>
