<?xml version="1.0" encoding="UTF-8"?>
<testsuite name="com.avenuecode.udemy.account.manager.controller.AccountControllerTest" tests="4" skipped="0" failures="0" errors="0" timestamp="2021-02-24T14:20:42" hostname="AC-michelfonseca.local" time="0.105">
  <properties/>
  <testcase name="add account" classname="com.avenuecode.udemy.account.manager.controller.AccountControllerTest" time="0.096"/>
  <testcase name="update passowrd" classname="com.avenuecode.udemy.account.manager.controller.AccountControllerTest" time="0.003"/>
  <testcase name="accounts list" classname="com.avenuecode.udemy.account.manager.controller.AccountControllerTest" time="0.002"/>
  <testcase name="unscheduled accounts list" classname="com.avenuecode.udemy.account.manager.controller.AccountControllerTest" time="0.003"/>
  <system-out><![CDATA[]]></system-out>
  <system-err><![CDATA[]]></system-err>
</testsuite>
