<?xml version="1.0" encoding="UTF-8"?>
<testsuite name="com.avenuecode.udemy.account.manager.utils.EmailUtilsTest" tests="4" skipped="0" failures="0" errors="0" timestamp="2021-02-24T14:20:41" hostname="AC-michelfonseca.local" time="0.242">
  <properties/>
  <testcase name="test mask email[0]" classname="com.avenuecode.udemy.account.manager.utils.EmailUtilsTest" time="0.237"/>
  <testcase name="test mask email[1]" classname="com.avenuecode.udemy.account.manager.utils.EmailUtilsTest" time="0.0"/>
  <testcase name="test mask email[2]" classname="com.avenuecode.udemy.account.manager.utils.EmailUtilsTest" time="0.0"/>
  <testcase name="test mask email[3]" classname="com.avenuecode.udemy.account.manager.utils.EmailUtilsTest" time="0.001"/>
  <system-out><![CDATA[]]></system-out>
  <system-err><![CDATA[]]></system-err>
</testsuite>
