<?xml version="1.0" encoding="UTF-8"?>
<testsuite name="com.avenuecode.udemy.account.manager.publishers.AccessRequestPublisherTest" tests="1" skipped="0" failures="0" errors="0" timestamp="2021-02-24T14:20:42" hostname="AC-michelfonseca.local" time="0.005">
  <properties/>
  <testcase name="publish() enqueue request_id in queue named accessRequest" classname="com.avenuecode.udemy.account.manager.publishers.AccessRequestPublisherTest" time="0.005"/>
  <system-out><![CDATA[11:20:42.903 [Test worker] INFO com.avenuecode.udemy.account.manager.publishers.AccessRequestPublisher - Publishing request 'Request{id=1, email='null', seniority='null', technology='null', hours='null', goal='null', created=null, scheduled=null}' to 'accessRequest'
]]></system-out>
  <system-err><![CDATA[]]></system-err>
</testsuite>
